<?xml version="1.0" encoding="UTF-8"?>
<!-- Generated by org.testng.reporters.JUnitReportReporter -->
<testsuite hostname="Mevin" failures="0" tests="1" name="blazerTestPkg.BlazerRegiTest" time="3.547" errors="0" timestamp="2024-12-02T11:17:01 IST" skipped="0">
  <testcase classname="blazerTestPkg.BlazerRegiTest" name="testBlazerLogin" time="3.547"/>
</testsuite> <!-- blazerTestPkg.BlazerRegiTest -->
