<?xml version="1.0" encoding="UTF-8"?>
<!-- Generated by org.testng.reporters.JUnitReportReporter -->
<testsuite hostname="Mevin" failures="0" tests="1" name="blazerTestPkg.BlazerLoginTest" time="1.438" errors="0" timestamp="2024-12-02T11:17:01 IST" skipped="0">
  <testcase classname="blazerTestPkg.BlazerLoginTest" name="testBlazerLogin" time="1.438"/>
</testsuite> <!-- blazerTestPkg.BlazerLoginTest -->
